Random Integer : 102
Random String : aprgum
Random Integer : 61
Random Integer : 5
swaggerURL : https://petstore.swagger.io/v2
apiURL :https://petstore.swagger.io/v2/pet
WARNING: An illegal reflective access operation has occurred
WARNING: Illegal reflective access by org.codehaus.groovy.reflection.CachedClass (file:/C:/Users/Pramod%20Yadav/.m2/repository/org/codehaus/groovy/groovy/2.4.15/groovy-2.4.15.jar) to method java.lang.Object.finalize()
WARNING: Please consider reporting this to the maintainers of org.codehaus.groovy.reflection.CachedClass
WARNING: Use --illegal-access=warn to enable warnings of further illegal reflective access operations
WARNING: All illegal access operations will be denied in a future release
Actual StatusCode   : 200
Expected StatusCode : 200
-------------------------------------------------------------------
Search using  id : 102
swaggerURL : https://petstore.swagger.io/v2
apiURL :https://petstore.swagger.io/v2/pet/102
Actual StatusCode   : 200
Expected StatusCode : 200
-------------------------------------------------------------------
swaggerURL : https://petstore.swagger.io/v2
Actual StatusCode   : 404
Expected StatusCode : 404
-------------------------------------------------------------------
swaggerURL : https://petstore.swagger.io/v2
apiURL :https://petstore.swagger.io/v2/pet/abcdefgh
Actual StatusCode   : 404
Expected StatusCode : 400
-------------------------------------------------------------------

java.lang.AssertionError: 
400
404
 <Click to see difference>


	at org.junit.Assert.fail(Assert.java:88)
	at org.junit.Assert.failNotEquals(Assert.java:834)
	at org.junit.Assert.assertEquals(Assert.java:645)
	at org.junit.Assert.assertEquals(Assert.java:631)
	at generalmethods.AssertResponse.canAssertResponseStatus(AssertResponse.java:15)
	at petstore.swagger.io.pet.TestDeleteDeletesAPet.tryDeleteingInvalidPetID(TestDeleteDeletesAPet.java:45)
	at java.base/jdk.internal.reflect.NativeMethodAccessorImpl.invoke0(Native Method)
	at java.base/jdk.internal.reflect.NativeMethodAccessorImpl.invoke(NativeMethodAccessorImpl.java:62)
	at java.base/jdk.internal.reflect.DelegatingMethodAccessorImpl.invoke(DelegatingMethodAccessorImpl.java:43)
	at java.base/java.lang.reflect.Method.invoke(Method.java:564)
	at org.junit.runners.model.FrameworkMethod$1.runReflectiveCall(FrameworkMethod.java:50)
	at org.junit.internal.runners.model.ReflectiveCallable.run(ReflectiveCallable.java:12)
	at org.junit.runners.model.FrameworkMethod.invokeExplosively(FrameworkMethod.java:47)
	at org.junit.internal.runners.statements.InvokeMethod.evaluate(InvokeMethod.java:17)
	at org.junit.runners.ParentRunner.runLeaf(ParentRunner.java:325)
	at org.junit.runners.BlockJUnit4ClassRunner.runChild(BlockJUnit4ClassRunner.java:78)
	at org.junit.runners.BlockJUnit4ClassRunner.runChild(BlockJUnit4ClassRunner.java:57)
	at org.junit.runners.ParentRunner$3.run(ParentRunner.java:290)
	at org.junit.runners.ParentRunner$1.schedule(ParentRunner.java:71)
	at org.junit.runners.ParentRunner.runChildren(ParentRunner.java:288)
	at org.junit.runners.ParentRunner.access$000(ParentRunner.java:58)
	at org.junit.runners.ParentRunner$2.evaluate(ParentRunner.java:268)
	at org.junit.runners.ParentRunner.run(ParentRunner.java:363)
	at org.junit.runners.Suite.runChild(Suite.java:128)
	at org.junit.runners.Suite.runChild(Suite.java:27)
	at org.junit.runners.ParentRunner$3.run(ParentRunner.java:290)
	at org.junit.runners.ParentRunner$1.schedule(ParentRunner.java:71)
	at org.junit.runners.ParentRunner.runChildren(ParentRunner.java:288)
	at org.junit.runners.ParentRunner.access$000(ParentRunner.java:58)
	at org.junit.runners.ParentRunner$2.evaluate(ParentRunner.java:268)
	at org.junit.runners.ParentRunner.run(ParentRunner.java:363)
	at org.junit.runner.JUnitCore.run(JUnitCore.java:137)
	at com.intellij.junit4.JUnit4IdeaTestRunner.startRunnerWithArgs(JUnit4IdeaTestRunner.java:68)
	at com.intellij.rt.execution.junit.IdeaTestRunner$Repeater.startRunnerWithArgs(IdeaTestRunner.java:47)
	at com.intellij.rt.execution.junit.JUnitStarter.prepareStreamsAndStart(JUnitStarter.java:242)
	at com.intellij.rt.execution.junit.JUnitStarter.main(JUnitStarter.java:70)

swaggerURL : https://petstore.swagger.io/v2
apiURL :https://petstore.swagger.io/v2/pet/6281930314171690275
Actual StatusCode   : 404
Expected StatusCode : 404
-------------------------------------------------------------------
Random Integer : 789
Random String : zgmksr
Random Integer : 79
Random Integer : 6
swaggerURL : https://petstore.swagger.io/v2
apiURL :https://petstore.swagger.io/v2/pet
Actual StatusCode   : 200
Expected StatusCode : 200
-------------------------------------------------------------------
Search using  id : 789
swaggerURL : https://petstore.swagger.io/v2
Actual StatusCode   : 200
Expected StatusCode : 200
-------------------------------------------------------------------
swaggerURL : https://petstore.swagger.io/v2
Actual StatusCode   : 405
Expected StatusCode : 405
-------------------------------------------------------------------
swaggerURL : https://petstore.swagger.io/v2
Actual StatusCode   : 404
Expected StatusCode : 404
-------------------------------------------------------------------
swaggerURL : https://petstore.swagger.io/v2
Actual StatusCode   : 404
Expected StatusCode : 404
-------------------------------------------------------------------
swaggerURL : https://petstore.swagger.io/v2
apiURL :https://petstore.swagger.io/v2/pet/findByStatus?status=available&status=pending&status=sold
Actual StatusCode   : 200
Expected StatusCode : 200
-------------------------------------------------------------------
swaggerURL : https://petstore.swagger.io/v2
apiURL :https://petstore.swagger.io/v2/pet/findByStatus?status=available&status=sold
Actual StatusCode   : 200
Expected StatusCode : 200
-------------------------------------------------------------------
swaggerURL : https://petstore.swagger.io/v2
apiURL :https://petstore.swagger.io/v2/pet/findByStatus?status=random
Actual StatusCode   : 200
Expected StatusCode : 404
-------------------------------------------------------------------

java.lang.AssertionError: 
404
200
 <Click to see difference>


	at org.junit.Assert.fail(Assert.java:88)
	at org.junit.Assert.failNotEquals(Assert.java:834)
	at org.junit.Assert.assertEquals(Assert.java:645)
	at org.junit.Assert.assertEquals(Assert.java:631)
	at generalmethods.AssertResponse.canAssertResponseStatus(AssertResponse.java:15)
	at petstore.swagger.io.pet.TestGetFindPetsByStatus.searchWithInvalidArgument(TestGetFindPetsByStatus.java:81)
	at java.base/jdk.internal.reflect.NativeMethodAccessorImpl.invoke0(Native Method)
	at java.base/jdk.internal.reflect.NativeMethodAccessorImpl.invoke(NativeMethodAccessorImpl.java:62)
	at java.base/jdk.internal.reflect.DelegatingMethodAccessorImpl.invoke(DelegatingMethodAccessorImpl.java:43)
	at java.base/java.lang.reflect.Method.invoke(Method.java:564)
	at org.junit.runners.model.FrameworkMethod$1.runReflectiveCall(FrameworkMethod.java:50)
	at org.junit.internal.runners.model.ReflectiveCallable.run(ReflectiveCallable.java:12)
	at org.junit.runners.model.FrameworkMethod.invokeExplosively(FrameworkMethod.java:47)
	at org.junit.internal.runners.statements.InvokeMethod.evaluate(InvokeMethod.java:17)
	at org.junit.runners.ParentRunner.runLeaf(ParentRunner.java:325)
	at org.junit.runners.BlockJUnit4ClassRunner.runChild(BlockJUnit4ClassRunner.java:78)
	at org.junit.runners.BlockJUnit4ClassRunner.runChild(BlockJUnit4ClassRunner.java:57)
	at org.junit.runners.ParentRunner$3.run(ParentRunner.java:290)
	at org.junit.runners.ParentRunner$1.schedule(ParentRunner.java:71)
	at org.junit.runners.ParentRunner.runChildren(ParentRunner.java:288)
	at org.junit.runners.ParentRunner.access$000(ParentRunner.java:58)
	at org.junit.runners.ParentRunner$2.evaluate(ParentRunner.java:268)
	at org.junit.runners.ParentRunner.run(ParentRunner.java:363)
	at org.junit.runners.Suite.runChild(Suite.java:128)
	at org.junit.runners.Suite.runChild(Suite.java:27)
	at org.junit.runners.ParentRunner$3.run(ParentRunner.java:290)
	at org.junit.runners.ParentRunner$1.schedule(ParentRunner.java:71)
	at org.junit.runners.ParentRunner.runChildren(ParentRunner.java:288)
	at org.junit.runners.ParentRunner.access$000(ParentRunner.java:58)
	at org.junit.runners.ParentRunner$2.evaluate(ParentRunner.java:268)
	at org.junit.runners.ParentRunner.run(ParentRunner.java:363)
	at org.junit.runner.JUnitCore.run(JUnitCore.java:137)
	at com.intellij.junit4.JUnit4IdeaTestRunner.startRunnerWithArgs(JUnit4IdeaTestRunner.java:68)
	at com.intellij.rt.execution.junit.IdeaTestRunner$Repeater.startRunnerWithArgs(IdeaTestRunner.java:47)
	at com.intellij.rt.execution.junit.JUnitStarter.prepareStreamsAndStart(JUnitStarter.java:242)
	at com.intellij.rt.execution.junit.JUnitStarter.main(JUnitStarter.java:70)

swaggerURL : https://petstore.swagger.io/v2
apiURL :https://petstore.swagger.io/v2/pet/findByStatus?status=pending
Actual StatusCode   : 200
Expected StatusCode : 200
-------------------------------------------------------------------
swaggerURL : https://petstore.swagger.io/v2
apiURL :https://petstore.swagger.io/v2/pet/findByStatus?status=pending&status=sold
Actual StatusCode   : 200
Expected StatusCode : 200
-------------------------------------------------------------------
swaggerURL : https://petstore.swagger.io/v2
apiURL :https://petstore.swagger.io/v2/pet/findByStatus?status=available
Actual StatusCode   : 200
Expected StatusCode : 200
-------------------------------------------------------------------
swaggerURL : https://petstore.swagger.io/v2
apiURL :https://petstore.swagger.io/v2/pet/findByStatus?status=available&status=pending
Actual StatusCode   : 200
Expected StatusCode : 200
-------------------------------------------------------------------
swaggerURL : https://petstore.swagger.io/v2
apiURL :https://petstore.swagger.io/v2/pet/findByStatus
Actual StatusCode   : 200
Expected StatusCode : 404
-------------------------------------------------------------------

java.lang.AssertionError: 
404
200
 <Click to see difference>


	at org.junit.Assert.fail(Assert.java:88)
	at org.junit.Assert.failNotEquals(Assert.java:834)
	at org.junit.Assert.assertEquals(Assert.java:645)
	at org.junit.Assert.assertEquals(Assert.java:631)
	at generalmethods.AssertResponse.canAssertResponseStatus(AssertResponse.java:15)
	at petstore.swagger.io.pet.TestGetFindPetsByStatus.searchWithEmptyArgument(TestGetFindPetsByStatus.java:74)
	at java.base/jdk.internal.reflect.NativeMethodAccessorImpl.invoke0(Native Method)
	at java.base/jdk.internal.reflect.NativeMethodAccessorImpl.invoke(NativeMethodAccessorImpl.java:62)
	at java.base/jdk.internal.reflect.DelegatingMethodAccessorImpl.invoke(DelegatingMethodAccessorImpl.java:43)
	at java.base/java.lang.reflect.Method.invoke(Method.java:564)
	at org.junit.runners.model.FrameworkMethod$1.runReflectiveCall(FrameworkMethod.java:50)
	at org.junit.internal.runners.model.ReflectiveCallable.run(ReflectiveCallable.java:12)
	at org.junit.runners.model.FrameworkMethod.invokeExplosively(FrameworkMethod.java:47)
	at org.junit.internal.runners.statements.InvokeMethod.evaluate(InvokeMethod.java:17)
	at org.junit.runners.ParentRunner.runLeaf(ParentRunner.java:325)
	at org.junit.runners.BlockJUnit4ClassRunner.runChild(BlockJUnit4ClassRunner.java:78)
	at org.junit.runners.BlockJUnit4ClassRunner.runChild(BlockJUnit4ClassRunner.java:57)
	at org.junit.runners.ParentRunner$3.run(ParentRunner.java:290)
	at org.junit.runners.ParentRunner$1.schedule(ParentRunner.java:71)
	at org.junit.runners.ParentRunner.runChildren(ParentRunner.java:288)
	at org.junit.runners.ParentRunner.access$000(ParentRunner.java:58)
	at org.junit.runners.ParentRunner$2.evaluate(ParentRunner.java:268)
	at org.junit.runners.ParentRunner.run(ParentRunner.java:363)
	at org.junit.runners.Suite.runChild(Suite.java:128)
	at org.junit.runners.Suite.runChild(Suite.java:27)
	at org.junit.runners.ParentRunner$3.run(ParentRunner.java:290)
	at org.junit.runners.ParentRunner$1.schedule(ParentRunner.java:71)
	at org.junit.runners.ParentRunner.runChildren(ParentRunner.java:288)
	at org.junit.runners.ParentRunner.access$000(ParentRunner.java:58)
	at org.junit.runners.ParentRunner$2.evaluate(ParentRunner.java:268)
	at org.junit.runners.ParentRunner.run(ParentRunner.java:363)
	at org.junit.runner.JUnitCore.run(JUnitCore.java:137)
	at com.intellij.junit4.JUnit4IdeaTestRunner.startRunnerWithArgs(JUnit4IdeaTestRunner.java:68)
	at com.intellij.rt.execution.junit.IdeaTestRunner$Repeater.startRunnerWithArgs(IdeaTestRunner.java:47)
	at com.intellij.rt.execution.junit.JUnitStarter.prepareStreamsAndStart(JUnitStarter.java:242)
	at com.intellij.rt.execution.junit.JUnitStarter.main(JUnitStarter.java:70)

swaggerURL : https://petstore.swagger.io/v2
apiURL :https://petstore.swagger.io/v2/pet/findByStatus?status=sold
Actual StatusCode   : 200
Expected StatusCode : 200
-------------------------------------------------------------------
id : 1893891101359787066
Random Integer : 2
sold
Random Integer : 0
dog
Random Integer : 289
Random String : hjquhwb
Random Integer : 86
Random Integer : 8
Random Integer : 3
swaggerURL : https://petstore.swagger.io/v2
apiURL :https://petstore.swagger.io/v2/pet
Actual StatusCode   : 200
Expected StatusCode : 200
-------------------------------------------------------------------
Random Integer : 245
Random String : hfiarv
Random Integer : 7
Random Integer : 0
swaggerURL : https://petstore.swagger.io/v2
apiURL :https://petstore.swagger.io/v2/pet
Actual StatusCode   : 400
Expected StatusCode : 400
-------------------------------------------------------------------
Random Integer : 215
Random String : hgjzaa
Random Integer : 74
Random Integer : 6
swaggerURL : https://petstore.swagger.io/v2
apiURL :https://petstore.swagger.io/v2/pet
Actual StatusCode   : 200
Expected StatusCode : 200
-------------------------------------------------------------------
swaggerURL : https://petstore.swagger.io/v2
apiURL :https://petstore.swagger.io/v2/pet
Actual StatusCode   : 200
Expected StatusCode : 405
-------------------------------------------------------------------

java.lang.AssertionError: 
405
200
 <Click to see difference>


	at org.junit.Assert.fail(Assert.java:88)
	at org.junit.Assert.failNotEquals(Assert.java:834)
	at org.junit.Assert.assertEquals(Assert.java:645)
	at org.junit.Assert.assertEquals(Assert.java:631)
	at generalmethods.AssertResponse.canAssertResponseStatus(AssertResponse.java:15)
	at petstore.swagger.io.pet.TestPostAddANewPetToStore.postRequestWithEmptyRequestBody(TestPostAddANewPetToStore.java:32)
	at java.base/jdk.internal.reflect.NativeMethodAccessorImpl.invoke0(Native Method)
	at java.base/jdk.internal.reflect.NativeMethodAccessorImpl.invoke(NativeMethodAccessorImpl.java:62)
	at java.base/jdk.internal.reflect.DelegatingMethodAccessorImpl.invoke(DelegatingMethodAccessorImpl.java:43)
	at java.base/java.lang.reflect.Method.invoke(Method.java:564)
	at org.junit.runners.model.FrameworkMethod$1.runReflectiveCall(FrameworkMethod.java:50)
	at org.junit.internal.runners.model.ReflectiveCallable.run(ReflectiveCallable.java:12)
	at org.junit.runners.model.FrameworkMethod.invokeExplosively(FrameworkMethod.java:47)
	at org.junit.internal.runners.statements.InvokeMethod.evaluate(InvokeMethod.java:17)
	at org.junit.runners.ParentRunner.runLeaf(ParentRunner.java:325)
	at org.junit.runners.BlockJUnit4ClassRunner.runChild(BlockJUnit4ClassRunner.java:78)
	at org.junit.runners.BlockJUnit4ClassRunner.runChild(BlockJUnit4ClassRunner.java:57)
	at org.junit.runners.ParentRunner$3.run(ParentRunner.java:290)
	at org.junit.runners.ParentRunner$1.schedule(ParentRunner.java:71)
	at org.junit.runners.ParentRunner.runChildren(ParentRunner.java:288)
	at org.junit.runners.ParentRunner.access$000(ParentRunner.java:58)
	at org.junit.runners.ParentRunner$2.evaluate(ParentRunner.java:268)
	at org.junit.runners.ParentRunner.run(ParentRunner.java:363)
	at org.junit.runners.Suite.runChild(Suite.java:128)
	at org.junit.runners.Suite.runChild(Suite.java:27)
	at org.junit.runners.ParentRunner$3.run(ParentRunner.java:290)
	at org.junit.runners.ParentRunner$1.schedule(ParentRunner.java:71)
	at org.junit.runners.ParentRunner.runChildren(ParentRunner.java:288)
	at org.junit.runners.ParentRunner.access$000(ParentRunner.java:58)
	at org.junit.runners.ParentRunner$2.evaluate(ParentRunner.java:268)
	at org.junit.runners.ParentRunner.run(ParentRunner.java:363)
	at org.junit.runner.JUnitCore.run(JUnitCore.java:137)
	at com.intellij.junit4.JUnit4IdeaTestRunner.startRunnerWithArgs(JUnit4IdeaTestRunner.java:68)
	at com.intellij.rt.execution.junit.IdeaTestRunner$Repeater.startRunnerWithArgs(IdeaTestRunner.java:47)
	at com.intellij.rt.execution.junit.JUnitStarter.prepareStreamsAndStart(JUnitStarter.java:242)
	at com.intellij.rt.execution.junit.JUnitStarter.main(JUnitStarter.java:70)

id : -2044812493730851004
Random Integer : 1
pending
Random Integer : 3
bird
Random Integer : 971
Random String : vypggsj
Random Integer : 41
Random Integer : 6
Random Integer : 5
swaggerURL : https://petstore.swagger.io/v2
apiURL :https://petstore.swagger.io/v2/pet
Actual StatusCode   : 200
Expected StatusCode : 200
-------------------------------------------------------------------
Search using  id : 971
swaggerURL : https://petstore.swagger.io/v2
apiURL :https://petstore.swagger.io/v2/pet/971
Actual StatusCode   : 200
Expected StatusCode : 200
-------------------------------------------------------------------
id : 6413853841091459112
Random Integer : 0
available
Random Integer : 2
horse
Random Integer : 441
Random String : bkznfog
Random Integer : 53
Random Integer : 0
Random Integer : 8
swaggerURL : https://petstore.swagger.io/v2
apiURL :https://petstore.swagger.io/v2/pet
Actual StatusCode   : 200
Expected StatusCode : 200
-------------------------------------------------------------------
Search using  id : 441
swaggerURL : https://petstore.swagger.io/v2
apiURL :https://petstore.swagger.io/v2/pet/441
Actual StatusCode   : 200
Expected StatusCode : 200
-------------------------------------------------------------------
id : -4398468630494995741
Random Integer : 0
available
Random Integer : 1
cat
Random Integer : 95
Random String : xmndveg
Random Integer : 25
Random Integer : 9
Random Integer : 0
swaggerURL : https://petstore.swagger.io/v2
apiURL :https://petstore.swagger.io/v2/pet
Actual StatusCode   : 200
Expected StatusCode : 200
-------------------------------------------------------------------
Search using  id : 95
swaggerURL : https://petstore.swagger.io/v2
apiURL :https://petstore.swagger.io/v2/pet/95
Actual StatusCode   : 200
Expected StatusCode : 200
-------------------------------------------------------------------
id : -2581553302859472331
Random Integer : 0
available
Random Integer : 1
cat
Random Integer : 451
Random String : yhsszyr
Random Integer : 9
Random Integer : 6
Random Integer : 7
swaggerURL : https://petstore.swagger.io/v2
apiURL :https://petstore.swagger.io/v2/pet
Actual StatusCode   : 200
Expected StatusCode : 200
-------------------------------------------------------------------
Search using  id : 451
swaggerURL : https://petstore.swagger.io/v2
apiURL :https://petstore.swagger.io/v2/pet/451
Actual StatusCode   : 200
Expected StatusCode : 200
-------------------------------------------------------------------
id : -270075859132314006
Random Integer : 2
sold
Random Integer : 4
cow
Random Integer : 104
Random String : hhctmxn
Random Integer : 12
Random Integer : 1
Random Integer : 0
swaggerURL : https://petstore.swagger.io/v2
apiURL :https://petstore.swagger.io/v2/pet
Actual StatusCode   : 200
Expected StatusCode : 200
-------------------------------------------------------------------
Search using  id : 104
swaggerURL : https://petstore.swagger.io/v2
apiURL :https://petstore.swagger.io/v2/pet/104/uploadImage
Actual StatusCode   : 500
Expected StatusCode : 200
-------------------------------------------------------------------

java.lang.AssertionError: 
200
500
 <Click to see difference>


	at org.junit.Assert.fail(Assert.java:88)
	at org.junit.Assert.failNotEquals(Assert.java:834)
	at org.junit.Assert.assertEquals(Assert.java:645)
	at org.junit.Assert.assertEquals(Assert.java:631)
	at generalmethods.AssertResponse.canAssertResponseStatus(AssertResponse.java:15)
	at petstore.swagger.io.pet.TestPostUploadAnImage.postRequestUpdatenameAndStatus_pending(TestPostUploadAnImage.java:30)
	at java.base/jdk.internal.reflect.NativeMethodAccessorImpl.invoke0(Native Method)
	at java.base/jdk.internal.reflect.NativeMethodAccessorImpl.invoke(NativeMethodAccessorImpl.java:62)
	at java.base/jdk.internal.reflect.DelegatingMethodAccessorImpl.invoke(DelegatingMethodAccessorImpl.java:43)
	at java.base/java.lang.reflect.Method.invoke(Method.java:564)
	at org.junit.runners.model.FrameworkMethod$1.runReflectiveCall(FrameworkMethod.java:50)
	at org.junit.internal.runners.model.ReflectiveCallable.run(ReflectiveCallable.java:12)
	at org.junit.runners.model.FrameworkMethod.invokeExplosively(FrameworkMethod.java:47)
	at org.junit.internal.runners.statements.InvokeMethod.evaluate(InvokeMethod.java:17)
	at org.junit.runners.ParentRunner.runLeaf(ParentRunner.java:325)
	at org.junit.runners.BlockJUnit4ClassRunner.runChild(BlockJUnit4ClassRunner.java:78)
	at org.junit.runners.BlockJUnit4ClassRunner.runChild(BlockJUnit4ClassRunner.java:57)
	at org.junit.runners.ParentRunner$3.run(ParentRunner.java:290)
	at org.junit.runners.ParentRunner$1.schedule(ParentRunner.java:71)
	at org.junit.runners.ParentRunner.runChildren(ParentRunner.java:288)
	at org.junit.runners.ParentRunner.access$000(ParentRunner.java:58)
	at org.junit.runners.ParentRunner$2.evaluate(ParentRunner.java:268)
	at org.junit.runners.ParentRunner.run(ParentRunner.java:363)
	at org.junit.runners.Suite.runChild(Suite.java:128)
	at org.junit.runners.Suite.runChild(Suite.java:27)
	at org.junit.runners.ParentRunner$3.run(ParentRunner.java:290)
	at org.junit.runners.ParentRunner$1.schedule(ParentRunner.java:71)
	at org.junit.runners.ParentRunner.runChildren(ParentRunner.java:288)
	at org.junit.runners.ParentRunner.access$000(ParentRunner.java:58)
	at org.junit.runners.ParentRunner$2.evaluate(ParentRunner.java:268)
	at org.junit.runners.ParentRunner.run(ParentRunner.java:363)
	at org.junit.runner.JUnitCore.run(JUnitCore.java:137)
	at com.intellij.junit4.JUnit4IdeaTestRunner.startRunnerWithArgs(JUnit4IdeaTestRunner.java:68)
	at com.intellij.rt.execution.junit.IdeaTestRunner$Repeater.startRunnerWithArgs(IdeaTestRunner.java:47)
	at com.intellij.rt.execution.junit.JUnitStarter.prepareStreamsAndStart(JUnitStarter.java:242)
	at com.intellij.rt.execution.junit.JUnitStarter.main(JUnitStarter.java:70)

id : 1666794390606741925
Random Integer : 1
pending
Random Integer : 1
cat
Random Integer : 858
Random String : rxblcjv
Random Integer : 22
Random Integer : 4
Random Integer : 4
swaggerURL : https://petstore.swagger.io/v2
apiURL :https://petstore.swagger.io/v2/pet
Actual StatusCode   : 200
Expected StatusCode : 200
-------------------------------------------------------------------
Search using  id : 858
id : 858
name : PUT_ChangeToPramod
status : 
Random Integer : 1
cat
Random Integer : 255
Random Integer : 1
Random Integer : 8
swaggerURL : https://petstore.swagger.io/v2
apiURL :https://petstore.swagger.io/v2/pet
Actual StatusCode   : 200
Expected StatusCode : 200
-------------------------------------------------------------------
id : -4838666189639168196
Random Integer : 1
pending
Random Integer : 3
bird
Random Integer : 451
Random String : nlazzig
Random Integer : 62
Random Integer : 9
Random Integer : 1
swaggerURL : https://petstore.swagger.io/v2
apiURL :https://petstore.swagger.io/v2/pet
Actual StatusCode   : 200
Expected StatusCode : 200
-------------------------------------------------------------------
Search using  id : 451
id : 451
name : PUT_ChangeToPramod
status : pending
Random Integer : 1
cat
Random Integer : 7
Random Integer : 2
Random Integer : 5
swaggerURL : https://petstore.swagger.io/v2
apiURL :https://petstore.swagger.io/v2/pet
Actual StatusCode   : 200
Expected StatusCode : 200
-------------------------------------------------------------------
id : -1357357894440169707
Random Integer : 2
sold
Random Integer : 3
bird
Random Integer : 104
Random String : sphhvbz
Random Integer : 32
Random Integer : 0
Random Integer : 1
swaggerURL : https://petstore.swagger.io/v2
apiURL :https://petstore.swagger.io/v2/pet
Actual StatusCode   : 200
Expected StatusCode : 200
-------------------------------------------------------------------
Search using  id : 104
id : 104
name : PUT_ChangeToPramod
status : sold
Random Integer : 4
cow
Random Integer : 909
Random Integer : 9
Random Integer : 4
swaggerURL : https://petstore.swagger.io/v2
apiURL :https://petstore.swagger.io/v2/pet
Actual StatusCode   : 200
Expected StatusCode : 200
-------------------------------------------------------------------
id : 7445399346517631401
Random Integer : 0
available
Random Integer : 1
cat
Random Integer : 305
Random String : kunbvmq
Random Integer : 75
Random Integer : 5
Random Integer : 4
swaggerURL : https://petstore.swagger.io/v2
apiURL :https://petstore.swagger.io/v2/pet
Actual StatusCode   : 200
Expected StatusCode : 200
-------------------------------------------------------------------
Search using  id : 305
id : 305
name : PUT_ChangeToPramod
status : available
Random Integer : 0
dog
Random Integer : 665
Random Integer : 8
Random Integer : 3
swaggerURL : https://petstore.swagger.io/v2
apiURL :https://petstore.swagger.io/v2/pet
Actual StatusCode   : 200
Expected StatusCode : 200
-------------------------------------------------------------------
